<?xml version="1.0" encoding="UTF-8"?>
<testsuite xmlns:xsi="http://www.w3.org/2001/XMLSchema-instance" xsi:noNamespaceSchemaLocation="https://maven.apache.org/surefire/maven-surefire-plugin/xsd/surefire-test-report-3.0.xsd" version="3.0" name="ru.igsltk.numshome.HashMakeControllerTest" time="0.179" tests="1" errors="0" skipped="0" failures="0">
  <properties>
[...]
</properties>
  <testcase name="testHashEndpoint" classname="ru.igsltk.numshome.HashMakeControllerTest" time="0.007">
    <system-out><![CDATA[2023-09-10T17:19:42.787+04:00  INFO 52348 --- [           main] t.c.s.AnnotationConfigContextLoaderUtils : Could not detect default configuration classes for test class [ru.igsltk.numshome.HashMakeControllerTest]: HashMakeControllerTest does not declare any static, non-private, non-final, nested classes annotated with @Configuration.
2023-09-10T17:19:42.791+04:00  INFO 52348 --- [           main] .b.t.c.SpringBootTestContextBootstrapper : Found @SpringBootConfiguration ru.igsltk.numshome.NumshomeApplication for test class ru.igsltk.numshome.HashMakeControllerTest

  .   ____          _            __ _ _
 /\\ / ___'_ __ _ _(_)_ __  __ _ \ \ \ \
( ( )\___ | '_ | '_| | '_ \/ _` | \ \ \ \
 \\/  ___)| |_)| | | | | || (_| |  ) ) ) )
  '  |____| .__|_| |_|_| |_\__, | / / / /
 =========|_|==============|___/=/_/_/_/
 :: Spring Boot ::                (v3.1.2)

2023-09-10T17:19:42.813+04:00  INFO 52348 --- [           main] r.i.numshome.HashMakeControllerTest      : Starting HashMakeControllerTest using Java 19.0.1 with PID 52348 (started by admin in E:\Files\archive\work\Projects\JAVA PROJECTS\NumsHome\maven)
2023-09-10T17:19:42.813+04:00  INFO 52348 --- [           main] r.i.numshome.HashMakeControllerTest      : No active profile set, falling back to 1 default profile: "default"
2023-09-10T17:19:42.951+04:00  INFO 52348 --- [           main] o.s.b.t.m.w.SpringBootMockServletContext : Initializing Spring TestDispatcherServlet ''
2023-09-10T17:19:42.951+04:00  INFO 52348 --- [           main] o.s.t.web.servlet.TestDispatcherServlet  : Initializing Servlet ''
2023-09-10T17:19:42.951+04:00  INFO 52348 --- [           main] o.s.t.web.servlet.TestDispatcherServlet  : Completed initialization in 0 ms
2023-09-10T17:19:42.954+04:00  INFO 52348 --- [           main] r.i.numshome.HashMakeControllerTest      : Started HashMakeControllerTest in 0.161 seconds (process running for 2.964)
]]></system-out>
  </testcase>
</testsuite>